<?xml version="1.0" encoding="UTF-8"?>
<!-- Generated by org.testng.reporters.JUnitReportReporter -->
<testsuite hostname="DESKTOP-2KSQFIB" failures="0" tests="2" name="excleproperties.ReadingeExcel" time="0.501" errors="0" timestamp="2023-08-05T20:28:16 BDT" skipped="0">
  <testcase classname="excleproperties.ReadingeExcel" name="test2" time="0.032"/>
  <system-out/>
  <testcase classname="excleproperties.ReadingeExcel" name="test" time="0.469"/>
  <system-out/>
</testsuite> <!-- excleproperties.ReadingeExcel -->
