<?xml version="1.0" encoding="UTF-8"?>
<!-- Generated by org.testng.reporters.JUnitReportReporter -->
<testsuite hostname="DESKTOP-2KSQFIB" failures="0" tests="1" name="excleproperties.Tuesday" time="0.472" errors="0" timestamp="2023-08-05T20:30:35 BDT" skipped="0">
  <testcase classname="excleproperties.Tuesday" name="test" time="0.472"/>
  <system-out/>
</testsuite> <!-- excleproperties.Tuesday -->
