<?xml version="1.0" encoding="UTF-8"?>
<!-- Generated by org.testng.reporters.JUnitReportReporter -->
<testsuite hostname="DESKTOP-2KSQFIB" failures="0" tests="1" name="excleproperties.Monday" time="0.477" errors="0" timestamp="2023-08-05T20:30:00 BDT" skipped="0">
  <testcase classname="excleproperties.Monday" name="test" time="0.477"/>
  <system-out/>
</testsuite> <!-- excleproperties.Monday -->
