<?xml version="1.0" encoding="UTF-8"?>
<!-- Generated by org.testng.reporters.JUnitReportReporter -->
<testsuite hostname="DESKTOP-2KSQFIB" failures="0" tests="1" name="excleproperties.Sunday" time="0.468" errors="0" timestamp="2023-08-05T20:32:40 BDT" skipped="0">
  <testcase classname="excleproperties.Sunday" name="test2" time="0.468"/>
  <system-out/>
</testsuite> <!-- excleproperties.Sunday -->
